<?xml version="1.0" encoding="UTF-8"?>
<!-- Generated by org.testng.reporters.JUnitReportReporter -->
<testsuite hostname="WINDOWS-73URBFV" failures="0" tests="1" name="testCase.MainTest" time="53.719" errors="0" timestamp="2023-08-07T21:46:23 IST" skipped="0">
  <testcase classname="testCase.MainTest" name="Select_Flight" time="53.719"/>
  <system-out/>
</testsuite> <!-- testCase.MainTest -->
